<?xml version="1.0" encoding="UTF-8"?>
<testsuite xmlns:xsi="http://www.w3.org/2001/XMLSchema-instance" xsi:noNamespaceSchemaLocation="https://maven.apache.org/surefire/maven-surefire-plugin/xsd/surefire-test-report-3.0.xsd" version="3.0" name="com.bytecrash.AppTest" time="0.027" tests="1" errors="0" skipped="0" failures="0">
  <properties>
    <property name="java.specification.version" value="23"/>
    <property name="sun.jnu.encoding" value="UTF-8"/>
    <property name="java.class.path" value="/home/martins/Documentos/Projetos/hacktheflag/HackTheFlag/hacktheflag/target/test-classes:/home/martins/Documentos/Projetos/hacktheflag/HackTheFlag/hacktheflag/target/classes:/home/martins/.m2/repository/com/badlogicgames/gdx/gdx/1.12.0/gdx-1.12.0.jar:/home/martins/.m2/repository/com/badlogicgames/gdx/gdx-jnigen-loader/2.3.1/gdx-jnigen-loader-2.3.1.jar:/home/martins/.m2/repository/com/badlogicgames/gdx/gdx-backend-lwjgl/1.12.0/gdx-backend-lwjgl-1.12.0.jar:/home/martins/.m2/repository/org/lwjgl/lwjgl/lwjgl/2.9.3/lwjgl-2.9.3.jar:/home/martins/.m2/repository/org/lwjgl/lwjgl/lwjgl-platform/2.9.3/lwjgl-platform-2.9.3-natives-windows.jar:/home/martins/.m2/repository/org/lwjgl/lwjgl/lwjgl-platform/2.9.3/lwjgl-platform-2.9.3-natives-linux.jar:/home/martins/.m2/repository/org/lwjgl/lwjgl/lwjgl-platform/2.9.3/lwjgl-platform-2.9.3-natives-osx.jar:/home/martins/.m2/repository/net/java/jinput/jinput/2.0.5/jinput-2.0.5.jar:/home/martins/.m2/repository/net/java/jutils/jutils/1.0.0/jutils-1.0.0.jar:/home/martins/.m2/repository/net/java/jinput/jinput-platform/2.0.5/jinput-platform-2.0.5-natives-linux.jar:/home/martins/.m2/repository/net/java/jinput/jinput-platform/2.0.5/jinput-platform-2.0.5-natives-windows.jar:/home/martins/.m2/repository/net/java/jinput/jinput-platform/2.0.5/jinput-platform-2.0.5-natives-osx.jar:/home/martins/.m2/repository/com/badlogicgames/jlayer/jlayer/1.0.1-gdx/jlayer-1.0.1-gdx.jar:/home/martins/.m2/repository/org/jcraft/jorbis/0.0.17/jorbis-0.0.17.jar:/home/martins/.m2/repository/com/badlogicgames/gdx/gdx-platform/1.12.0/gdx-platform-1.12.0-natives-desktop.jar:/home/martins/.m2/repository/junit/junit/4.13.2/junit-4.13.2.jar:/home/martins/.m2/repository/org/hamcrest/hamcrest-core/1.3/hamcrest-core-1.3.jar:"/>
    <property name="java.vm.vendor" value="Arch Linux"/>
    <property name="sun.arch.data.model" value="64"/>
    <property name="java.vendor.url" value="https://openjdk.org/"/>
    <property name="os.name" value="Linux"/>
    <property name="java.vm.specification.version" value="23"/>
    <property name="sun.java.launcher" value="SUN_STANDARD"/>
    <property name="user.country" value="BR"/>
    <property name="sun.boot.library.path" value="/usr/lib/jvm/java-23-openjdk/lib"/>
    <property name="sun.java.command" value="/home/martins/Documentos/Projetos/hacktheflag/HackTheFlag/hacktheflag/target/surefire/surefirebooter-20241116135730520_3.jar /home/martins/Documentos/Projetos/hacktheflag/HackTheFlag/hacktheflag/target/surefire 2024-11-16T13-57-30_465-jvmRun1 surefire-20241116135730520_1tmp surefire_0-20241116135730520_2tmp"/>
    <property name="jdk.debug" value="release"/>
    <property name="surefire.test.class.path" value="/home/martins/Documentos/Projetos/hacktheflag/HackTheFlag/hacktheflag/target/test-classes:/home/martins/Documentos/Projetos/hacktheflag/HackTheFlag/hacktheflag/target/classes:/home/martins/.m2/repository/com/badlogicgames/gdx/gdx/1.12.0/gdx-1.12.0.jar:/home/martins/.m2/repository/com/badlogicgames/gdx/gdx-jnigen-loader/2.3.1/gdx-jnigen-loader-2.3.1.jar:/home/martins/.m2/repository/com/badlogicgames/gdx/gdx-backend-lwjgl/1.12.0/gdx-backend-lwjgl-1.12.0.jar:/home/martins/.m2/repository/org/lwjgl/lwjgl/lwjgl/2.9.3/lwjgl-2.9.3.jar:/home/martins/.m2/repository/org/lwjgl/lwjgl/lwjgl-platform/2.9.3/lwjgl-platform-2.9.3-natives-windows.jar:/home/martins/.m2/repository/org/lwjgl/lwjgl/lwjgl-platform/2.9.3/lwjgl-platform-2.9.3-natives-linux.jar:/home/martins/.m2/repository/org/lwjgl/lwjgl/lwjgl-platform/2.9.3/lwjgl-platform-2.9.3-natives-osx.jar:/home/martins/.m2/repository/net/java/jinput/jinput/2.0.5/jinput-2.0.5.jar:/home/martins/.m2/repository/net/java/jutils/jutils/1.0.0/jutils-1.0.0.jar:/home/martins/.m2/repository/net/java/jinput/jinput-platform/2.0.5/jinput-platform-2.0.5-natives-linux.jar:/home/martins/.m2/repository/net/java/jinput/jinput-platform/2.0.5/jinput-platform-2.0.5-natives-windows.jar:/home/martins/.m2/repository/net/java/jinput/jinput-platform/2.0.5/jinput-platform-2.0.5-natives-osx.jar:/home/martins/.m2/repository/com/badlogicgames/jlayer/jlayer/1.0.1-gdx/jlayer-1.0.1-gdx.jar:/home/martins/.m2/repository/org/jcraft/jorbis/0.0.17/jorbis-0.0.17.jar:/home/martins/.m2/repository/com/badlogicgames/gdx/gdx-platform/1.12.0/gdx-platform-1.12.0-natives-desktop.jar:/home/martins/.m2/repository/junit/junit/4.13.2/junit-4.13.2.jar:/home/martins/.m2/repository/org/hamcrest/hamcrest-core/1.3/hamcrest-core-1.3.jar:"/>
    <property name="sun.cpu.endian" value="little"/>
    <property name="user.home" value="/home/martins"/>
    <property name="user.language" value="pt"/>
    <property name="java.specification.vendor" value="Oracle Corporation"/>
    <property name="java.version.date" value="2024-09-17"/>
    <property name="java.home" value="/usr/lib/jvm/java-23-openjdk"/>
    <property name="file.separator" value="/"/>
    <property name="basedir" value="/home/martins/Documentos/Projetos/hacktheflag/HackTheFlag/hacktheflag"/>
    <property name="java.vm.compressedOopsMode" value="32-bit"/>
    <property name="line.separator" value="&#10;"/>
    <property name="java.specification.name" value="Java Platform API Specification"/>
    <property name="java.vm.specification.vendor" value="Oracle Corporation"/>
    <property name="surefire.real.class.path" value="/home/martins/Documentos/Projetos/hacktheflag/HackTheFlag/hacktheflag/target/surefire/surefirebooter-20241116135730520_3.jar"/>
    <property name="sun.management.compiler" value="HotSpot 64-Bit Tiered Compilers"/>
    <property name="java.runtime.version" value="23"/>
    <property name="user.name" value="martins"/>
    <property name="stdout.encoding" value="UTF-8"/>
    <property name="path.separator" value=":"/>
    <property name="os.version" value="6.11.5-zen1-1-zen"/>
    <property name="java.runtime.name" value="OpenJDK Runtime Environment"/>
    <property name="file.encoding" value="UTF-8"/>
    <property name="java.vm.name" value="OpenJDK 64-Bit Server VM"/>
    <property name="localRepository" value="/home/martins/.m2/repository"/>
    <property name="java.vendor.url.bug" value="https://bugreport.java.com/bugreport/"/>
    <property name="java.io.tmpdir" value="/tmp"/>
    <property name="java.version" value="23"/>
    <property name="user.dir" value="/home/martins/Documentos/Projetos/hacktheflag/HackTheFlag/hacktheflag"/>
    <property name="os.arch" value="amd64"/>
    <property name="java.vm.specification.name" value="Java Virtual Machine Specification"/>
    <property name="native.encoding" value="UTF-8"/>
    <property name="java.library.path" value="/usr/java/packages/lib:/usr/lib64:/lib64:/lib:/usr/lib"/>
    <property name="java.vm.info" value="mixed mode, sharing"/>
    <property name="stderr.encoding" value="UTF-8"/>
    <property name="java.vendor" value="Arch Linux"/>
    <property name="java.vm.version" value="23"/>
    <property name="sun.io.unicode.encoding" value="UnicodeLittle"/>
    <property name="java.class.version" value="67.0"/>
  </properties>
  <testcase name="testApp" classname="com.bytecrash.AppTest" time="0.002"/>
</testsuite>